\BOOKMARK [1][]{section.1}{1.\040Introduction}{}% 1
\BOOKMARK [2][]{subsection.1.1}{1.1.\040Words\040spaces\040and\040alphabet\040trees}{section.1}% 2
\BOOKMARK [2][]{subsection.1.2}{1.2.\040Automata\040and\040initial\040automata}{section.1}% 3
\BOOKMARK [1][]{section.2}{2.\040The\040algebraic\040structures\040defined\040by\040automata}{}% 4
\BOOKMARK [2][]{subsection.2.1}{2.1.\040Synchronous\040automatic\040transformations}{section.2}% 5
\BOOKMARK [2][]{subsection.2.2}{2.2.\040Groups\040generated\040by\040automata}{section.2}% 6
\BOOKMARK [1][]{section.3}{3.\040Semidirect\040and\040wreath\040products}{}% 7
\BOOKMARK [2][]{subsection.3.1}{3.1.\040Actions}{section.3}% 8
\BOOKMARK [2][]{subsection.3.2}{3.2.\040Semidirect\040products}{section.3}% 9
\BOOKMARK [2][]{subsection.3.3}{3.3.\040Wreath\040products}{section.3}% 10
\BOOKMARK [2][]{subsection.3.4}{3.4.\040Applications\040to\040automata}{section.3}% 11
\BOOKMARK [1][]{section.4}{4.\040The\040classification\040theorem}{}% 12
\BOOKMARK [2][]{subsection.4.1}{4.1.\040The\040infinite\040dihedral\040group}{section.4}% 13
\BOOKMARK [2][]{subsection.4.2}{4.2.\040The\040lamplighter\040group}{section.4}% 14
\BOOKMARK [2][]{subsection.4.3}{4.3.\040The\040adding\040machine}{section.4}% 15
\BOOKMARK [2][]{subsection.4.4}{4.4.\040The\040theorem}{section.4}% 16
\BOOKMARK [2][]{subsection.4.5}{4.5.\040Define\040the\040cases}{section.4}% 17
\BOOKMARK [2][]{subsection.4.6}{4.6.\040Case\040analysis}{section.4}% 18
\BOOKMARK [2][]{subsection.4.7}{4.7.\040The\040cases\040with\040}{section.4}% 19
\BOOKMARK [2][]{subsection.4.8}{4.8.\040The\040cases\040with\040}{section.4}% 20
\BOOKMARK [2][]{subsection.4.9}{4.9.\040The\040cases\040with\040}{section.4}% 21
\BOOKMARK [1][]{section*.3}{Concluding\040remarks}{}% 22
\BOOKMARK [1][]{section*.4}{Acknowledgements}{}% 23
\BOOKMARK [1][]{section*.5}{References}{}% 24
